Using pre-set license
Built from '2022.3/staging' branch; Version is '2022.3.41f1 (0f988161febf) revision 1022081'; Using compiler version '192829333'; Build Type 'Release'
OS: 'Windows 11  (10.0.22631) 64bit CoreSingleLanguage' Language: 'es' Physical Memory: 7955 MB
BatchMode: 1, IsHumanControllingUs: 0, StartBugReporterOnCrash: 0, Is64bit: 1, IsPro: 1

COMMAND LINE ARGUMENTS:
C:\Program Files\Unity\Hub\Editor\2022.3.41f1\Editor\Unity.exe
-adb2
-batchMode
-noUpm
-name
AssetImportWorker1
-projectPath
C:/Users/Acer/Desktop/Taller 6/Digital-Plummet/Digital_Plummet
-logFile
Logs/AssetImportWorker1.log
-srvPort
63632
Successfully changed project path to: C:/Users/Acer/Desktop/Taller 6/Digital-Plummet/Digital_Plummet
C:/Users/Acer/Desktop/Taller 6/Digital-Plummet/Digital_Plummet
[UnityMemory] Configuration Parameters - Can be set up in boot.config
    "memorysetup-bucket-allocator-granularity=16"
    "memorysetup-bucket-allocator-bucket-count=8"
    "memorysetup-bucket-allocator-block-size=33554432"
    "memorysetup-bucket-allocator-block-count=8"
    "memorysetup-main-allocator-block-size=16777216"
    "memorysetup-thread-allocator-block-size=16777216"
    "memorysetup-gfx-main-allocator-block-size=16777216"
    "memorysetup-gfx-thread-allocator-block-size=16777216"
    "memorysetup-cache-allocator-block-size=4194304"
    "memorysetup-typetree-allocator-block-size=2097152"
    "memorysetup-profiler-bucket-allocator-granularity=16"
    "memorysetup-profiler-bucket-allocator-bucket-count=8"
    "memorysetup-profiler-bucket-allocator-block-size=33554432"
    "memorysetup-profiler-bucket-allocator-block-count=8"
    "memorysetup-profiler-allocator-block-size=16777216"
    "memorysetup-profiler-editor-allocator-block-size=1048576"
    "memorysetup-temp-allocator-size-main=16777216"
    "memorysetup-job-temp-allocator-block-size=2097152"
    "memorysetup-job-temp-allocator-block-size-background=1048576"
    "memorysetup-job-temp-allocator-reduction-small-platforms=262144"
    "memorysetup-allocator-temp-initial-block-size-main=262144"
    "memorysetup-allocator-temp-initial-block-size-worker=262144"
    "memorysetup-temp-allocator-size-background-worker=32768"
    "memorysetup-temp-allocator-size-job-worker=262144"
    "memorysetup-temp-allocator-size-preload-manager=33554432"
    "memorysetup-temp-allocator-size-nav-mesh-worker=65536"
    "memorysetup-temp-allocator-size-audio-worker=65536"
    "memorysetup-temp-allocator-size-cloud-worker=32768"
    "memorysetup-temp-allocator-size-gi-baking-worker=262144"
    "memorysetup-temp-allocator-size-gfx=262144"
Player connection [24756]  Target information:

Player connection [24756]  * "[IP] 192.168.1.9 [Port] 0 [Flags] 2 [Guid] 3118682664 [EditorId] 3118682664 [Version] 1048832 [Id] WindowsEditor(7,LAPTOP-PM0FQCBJ) [Debug] 1 [PackageName] WindowsEditor [ProjectName] Editor" 

Player connection [24756] Host joined multi-casting on [225.0.0.222:54997]...
Player connection [24756] Host joined alternative multi-casting on [225.0.0.222:34997]...
[PhysX] Initialized MultithreadedTaskDispatcher with 12 workers.
Refreshing native plugins compatible for Editor in 36.10 ms, found 4 plugins.
Preloading 0 native plugins for Editor in 0.00 ms.
Initialize engine version: 2022.3.41f1 (0f988161febf)
[Subsystems] Discovering subsystems at path C:/Program Files/Unity/Hub/Editor/2022.3.41f1/Editor/Data/Resources/UnitySubsystems
[Subsystems] Discovering subsystems at path C:/Users/Acer/Desktop/Taller 6/Digital-Plummet/Digital_Plummet/Assets
GfxDevice: creating device client; threaded=0; jobified=0
Direct3D:
    Version:  Direct3D 11.0 [level 11.1]
    Renderer: NVIDIA GeForce GTX 1650 (ID=0x1f9d)
    Vendor:   NVIDIA
    VRAM:     3950 MB
    Driver:   31.0.15.4633
Initialize mono
Mono path[0] = 'C:/Program Files/Unity/Hub/Editor/2022.3.41f1/Editor/Data/Managed'
Mono path[1] = 'C:/Program Files/Unity/Hub/Editor/2022.3.41f1/Editor/Data/MonoBleedingEdge/lib/mono/unityjit-win32'
Mono config path = 'C:/Program Files/Unity/Hub/Editor/2022.3.41f1/Editor/Data/MonoBleedingEdge/etc'
Using monoOptions --debugger-agent=transport=dt_socket,embedding=1,server=y,suspend=n,address=127.0.0.1:56008
Begin MonoManager ReloadAssembly
Registering precompiled unity dll's ...
Register platform support module: C:/Program Files/Unity/Hub/Editor/2022.3.41f1/Editor/Data/PlaybackEngines/AndroidPlayer/UnityEditor.Android.Extensions.dll
Register platform support module: C:/Program Files/Unity/Hub/Editor/2022.3.41f1/Editor/Data/PlaybackEngines/WindowsStandaloneSupport/UnityEditor.WindowsStandalone.Extensions.dll
Registered in 0.006627 seconds.
- Loaded All Assemblies, in  0.387 seconds
Native extension for WindowsStandalone target not found
Native extension for Android target not found
Android Extension - Scanning For ADB Devices 250 ms
Mono: successfully reloaded assembly
- Finished resetting the current domain, in  0.547 seconds
Domain Reload Profiling: 933ms
	BeginReloadAssembly (159ms)
		ExecutionOrderSort (0ms)
		DisableScriptedObjects (0ms)
		BackupInstance (0ms)
		ReleaseScriptingObjects (0ms)
		CreateAndSetChildDomain (1ms)
	RebuildCommonClasses (28ms)
	RebuildNativeTypeToScriptingClass (9ms)
	initialDomainReloadingComplete (53ms)
	LoadAllAssembliesAndSetupDomain (137ms)
		LoadAssemblies (156ms)
		RebuildTransferFunctionScriptingTraits (0ms)
		AnalyzeDomain (135ms)
			TypeCache.Refresh (133ms)
				TypeCache.ScanAssembly (116ms)
			ScanForSourceGeneratedMonoScriptInfo (1ms)
			ResolveRequiredComponents (1ms)
	FinalizeReload (547ms)
		ReleaseScriptCaches (0ms)
		RebuildScriptCaches (0ms)
		SetupLoadedEditorAssemblies (507ms)
			LogAssemblyErrors (0ms)
			InitializePlatformSupportModulesInManaged (354ms)
			SetLoadedEditorAssemblies (4ms)
			RefreshPlugins (0ms)
			BeforeProcessingInitializeOnLoad (3ms)
			ProcessInitializeOnLoadAttributes (103ms)
			ProcessInitializeOnLoadMethodAttributes (42ms)
			AfterProcessingInitializeOnLoad (0ms)
			EditorAssembliesLoaded (0ms)
		ExecutionOrderSort2 (0ms)
		AwakeInstancesAfterBackupRestoration (0ms)
========================================================================
Worker process is ready to serve import requests
Caller must complete domain reload
Begin MonoManager ReloadAssembly
- Loaded All Assemblies, in  0.712 seconds
Native extension for WindowsStandalone target not found
Native extension for Android target not found
Package Manager log level set to [2]
[Package Manager] Server::EnsureServerProcessIsRunning -- launch failed, reason: Unity was launched with the -noUpm command-line argument
[Package Manager] UpmClient::Send -- Unable to send message (not connected to UPM process).
[Package Manager] Cannot connect to Unity Package Manager local server
Mono: successfully reloaded assembly
- Finished resetting the current domain, in  0.558 seconds
Domain Reload Profiling: 1267ms
	BeginReloadAssembly (149ms)
		ExecutionOrderSort (0ms)
		DisableScriptedObjects (4ms)
		BackupInstance (0ms)
		ReleaseScriptingObjects (0ms)
		CreateAndSetChildDomain (23ms)
	RebuildCommonClasses (32ms)
	RebuildNativeTypeToScriptingClass (10ms)
	initialDomainReloadingComplete (40ms)
	LoadAllAssembliesAndSetupDomain (478ms)
		LoadAssemblies (382ms)
		RebuildTransferFunctionScriptingTraits (0ms)
		AnalyzeDomain (183ms)
			TypeCache.Refresh (154ms)
				TypeCache.ScanAssembly (133ms)
			ScanForSourceGeneratedMonoScriptInfo (21ms)
			ResolveRequiredComponents (7ms)
	FinalizeReload (558ms)
		ReleaseScriptCaches (0ms)
		RebuildScriptCaches (0ms)
		SetupLoadedEditorAssemblies (424ms)
			LogAssemblyErrors (0ms)
			InitializePlatformSupportModulesInManaged (23ms)
			SetLoadedEditorAssemblies (3ms)
			RefreshPlugins (0ms)
			BeforeProcessingInitializeOnLoad (69ms)
			ProcessInitializeOnLoadAttributes (292ms)
			ProcessInitializeOnLoadMethodAttributes (31ms)
			AfterProcessingInitializeOnLoad (6ms)
			EditorAssembliesLoaded (0ms)
		ExecutionOrderSort2 (0ms)
		AwakeInstancesAfterBackupRestoration (5ms)
Launched and connected shader compiler UnityShaderCompiler.exe after 0.06 seconds
Refreshing native plugins compatible for Editor in 10.67 ms, found 4 plugins.
Preloading 0 native plugins for Editor in 0.00 ms.
Unloading 4028 Unused Serialized files (Serialized files now loaded: 0)
Unloading 38 unused Assets / (241.1 KB). Loaded Objects now: 4494.
Memory consumption went from 145.7 MB to 145.5 MB.
Total: 3.840700 ms (FindLiveObjects: 0.299700 ms CreateObjectMapping: 0.115400 ms MarkObjects: 3.126600 ms  DeleteObjects: 0.296600 ms)

AssetImportParameters requested are different than current active one (requested -> active):
  custom:container-demuxer-ogg: 62fdf1f143b41e24485cea50d1cbac27 -> 
  custom:video-decoder-ogg-theora: a1e56fd34408186e4bbccfd4996cb3dc -> 
  custom:framework-win-MediaFoundation: 216162199b28c13a410421893ffa2e32 -> 
  custom:CustomObjectIndexerAttribute: 9a22284fe3817be447336de3de66b15e -> 
  custom:container-demuxer-webm: 4f35f7cbe854078d1ac9338744f61a02 -> 
  custom:container-muxer-webm: aa71ff27fc2769a1b78a27578f13a17b -> 
  custom:video-decoder-webm-vp8: 9c59270c3fd7afecdb556c50c9e8de78 -> 
  custom:SearchIndexIgnoredProperties: e643bd26f0fe6173181afceb89e7c659 -> 
  custom:AudioImporter_EditorPlatform: d09bf68614088b80899f8185d706f6e7 -> 
  custom:video-encoder-webm-vp8: eb34c28f22e8b96e1ab97ce403110664 -> 
  custom:audio-decoder-ogg-vorbis: bf7c407c2cedff20999df2af8eb42d56 -> 
  custom:audio-encoder-webm-vorbis: bf7c407c2cedff20999df2af8eb42d56 -> 
========================================================================
Received Import Request.
  Time since last request: 476403.535857 seconds.
  path: Assets/Scenes
  artifactKey: Guid(9324818ddcc55d74e9c630808981d2a9) Importer(815301076,1909f56bfc062723c751e8b465ee728b)
Start importing Assets/Scenes using Guid(9324818ddcc55d74e9c630808981d2a9) Importer(815301076,1909f56bfc062723c751e8b465ee728b) [PhysX] Initialized MultithreadedTaskDispatcher with 12 workers.
 -> (artifact id: '6f6c93883bc89ae2332a3525ba304d91') in 0.005092 seconds
Number of updated asset objects reloaded before import = 0
Number of asset objects unloaded after import = 0
========================================================================
Received Prepare
Caller must complete domain reload
Begin MonoManager ReloadAssembly
- Loaded All Assemblies, in  2.374 seconds
Native extension for WindowsStandalone target not found
Native extension for Android target not found
[Package Manager] Server::EnsureServerProcessIsRunning -- launch failed, reason: Unity was launched with the -noUpm command-line argument
[Package Manager] UpmClient::Send -- Unable to send message (not connected to UPM process).
[Package Manager] Cannot connect to Unity Package Manager local server
Mono: successfully reloaded assembly
[Package Manager] Server::EnsureServerProcessIsRunning -- launch failed, reason: Unity was launched with the -noUpm command-line argument
[Package Manager] UpmClient::Send -- Unable to send message (not connected to UPM process).
[Package Manager] Cannot connect to Unity Package Manager local server
[Package Manager] Server::EnsureServerProcessIsRunning -- launch failed, reason: Unity was launched with the -noUpm command-line argument
[Package Manager] UpmClient::Send -- Unable to send message (not connected to UPM process).
[Package Manager] Cannot connect to Unity Package Manager local server
- Finished resetting the current domain, in  0.631 seconds
Domain Reload Profiling: 3005ms
	BeginReloadAssembly (1623ms)
		ExecutionOrderSort (0ms)
		DisableScriptedObjects (1167ms)
		BackupInstance (0ms)
		ReleaseScriptingObjects (1ms)
		CreateAndSetChildDomain (223ms)
	RebuildCommonClasses (29ms)
	RebuildNativeTypeToScriptingClass (9ms)
	initialDomainReloadingComplete (34ms)
	LoadAllAssembliesAndSetupDomain (678ms)
		LoadAssemblies (793ms)
		RebuildTransferFunctionScriptingTraits (0ms)
		AnalyzeDomain (50ms)
			TypeCache.Refresh (23ms)
				TypeCache.ScanAssembly (5ms)
			ScanForSourceGeneratedMonoScriptInfo (17ms)
			ResolveRequiredComponents (9ms)
	FinalizeReload (632ms)
		ReleaseScriptCaches (0ms)
		RebuildScriptCaches (0ms)
		SetupLoadedEditorAssemblies (457ms)
			LogAssemblyErrors (0ms)
			InitializePlatformSupportModulesInManaged (29ms)
			SetLoadedEditorAssemblies (5ms)
			RefreshPlugins (0ms)
			BeforeProcessingInitializeOnLoad (86ms)
			ProcessInitializeOnLoadAttributes (304ms)
			ProcessInitializeOnLoadMethodAttributes (28ms)
			AfterProcessingInitializeOnLoad (5ms)
			EditorAssembliesLoaded (0ms)
		ExecutionOrderSort2 (0ms)
		AwakeInstancesAfterBackupRestoration (12ms)
Refreshing native plugins compatible for Editor in 11.43 ms, found 4 plugins.
Preloading 0 native plugins for Editor in 0.00 ms.
Unloading 4265 Unused Serialized files (Serialized files now loaded: 0)
Unloading 25 unused Assets / (213.2 KB). Loaded Objects now: 4743.
Memory consumption went from 148.8 MB to 148.6 MB.
Total: 5.334700 ms (FindLiveObjects: 0.436600 ms CreateObjectMapping: 0.363900 ms MarkObjects: 4.340900 ms  DeleteObjects: 0.190300 ms)

Prepare: number of updated asset objects reloaded= 0
AssetImportParameters requested are different than current active one (requested -> active):
  custom:scripting/monoscript/fileName/AndroidLogcatVideoPlayer.cs: 138f779bba37f053ae0ce30a60592fd3 -> 
  custom:scripting/monoscript/fileName/AndroidLogcatTaskResult.cs: bbe8f3e47789974a3230748544655998 -> 
  custom:scripting/monoscript/fileName/AdaptivePerformanceSubsystem.cs: 0727089c78865cfcdefecedc7c7c0f61 -> 
  custom:scripting/monoscript/fileName/AndroidReceivedNotificationMainThreadDispatcher.cs: 7b856f5a76e3b0232124e0c1e82dbbda -> 
  custom:scripting/monoscript/fileName/OnLevelUnit.cs: 9fdeb51f65c156710043d64abe7f6c17 -> 
  custom:scripting/monoscript/fileName/GetThermalMetricUnit.cs: bba5ce8de65ef060088c35c200a4b895 -> 
  custom:scripting/monoscript/fileName/OnBoostUnit.cs: f2c8b1f521498c0eaae8b328022cc8d8 -> 
  custom:scripting/monoscript/fileName/AdaptiveLOD.cs: e9dfc62c07420e2aed8ef130e18c48ad -> 
  custom:scripting/monoscript/fileName/OnBottleneckUnit.cs: b9c4260dcf3a0c26bdad88dabffd4df1 -> 
  custom:scripting/monoscript/fileName/iOSNotificationSettings.cs: 34adf72a31e1d6fa6f030475c4a762b6 -> 
  custom:scripting/monoscript/fileName/AndroidLogcatStyles.cs: 328901f7ff882ee0a8ba487644476bca -> 
  custom:scripting/monoscript/fileName/AndroidLogcatProjectSettingsProvider.cs: 47e177b5b5659baeb4aabb6539781f33 -> 
  custom:scripting/monoscript/fileName/AdaptivePerformanceManagerEditor.cs: 1b51348cf49cef3dfd9312ea99976a71 -> 
  custom:container-demuxer-ogg: 62fdf1f143b41e24485cea50d1cbac27 -> 
  custom:scripting/monoscript/fileName/AndroidLogcatDeviceQuery.cs: 6f7671e49fb6d170e12421ae09b32274 -> 
  custom:scripting/monoscript/fileName/AndroidLogcatBuildInfo.cs: d36174e1bb8933885ddb0c944c18c40e -> 
  custom:scripting/monoscript/fileName/AndroidLogcatDeviceSelection.cs: 9989bfa3f83e5b91c903cac5870d2f78 -> 
  custom:scripting/monoscript/fileName/AdaptivePerformanceLoader.cs: 7b6f9d01e651e554be222f57047cbb62 -> 
  custom:scripting/precompiled-assembly-types:Unity.Profiling.Core: a336ccbc8b8eedc26954b35fd863eaec -> 
  custom:scripting/monoscript/fileName/AndroidLogcatSendTrimMemoryUsage.cs: 72622004c306f521f76f91b17419eab7 -> 
  custom:scripting/precompiled-assembly-types:Unity.Notifications.Unified: 43ab6606799bae501ed5e658d59b299e -> 
  custom:scripting/monoscript/fileName/Splitter.cs: e2c62ef122c5403befbf9a5670e486bb -> 
  custom:scripting/monoscript/fileName/AndroidLogcatEntry.cs: d39af3a88a80167ecb3a0f1fb87c0065 -> 
  custom:scripting/monoscript/fileName/AdaptivePerformanceManager.cs: f4a7c6cfae9c372edccf6d6cc88076e6 -> 
  custom:scripting/monoscript/fileName/AdaptiveBatching.cs: 32462f311b4dbf5f2b05ab0d66d59fce -> 
  custom:scripting/monoscript/fileName/SimulatorProviderSettingsEditor.cs: baebdabc6ff1eea002d6134d7cc640d5 -> 
  custom:scripting/monoscript/fileName/AndroidLogcatConsoleWindow.cs: 8abfcf0f3f6fe0b8c035b8828a556fee -> 
  custom:scripting/precompiled-assembly-types:Unity.Notifications.iOS: 1a4c0432b57d15467c4f28d58ae54ef2 -> 
  custom:scripting/monoscript/fileName/AndroidNotification.cs: b0d0feb261857ffc484033af6e8ee69e -> 
  custom:scripting/monoscript/fileName/AndroidNotificationCenter.cs: ccd947fd14dd295fb2f259a18bdcfde5 -> 
  custom:scripting/monoscript/fileName/AdaptivePerformanceKnownPackages.cs: 2c0e6586aa08edcf34a9b530e6d5b653 -> 
  custom:video-decoder-ogg-theora: a1e56fd34408186e4bbccfd4996cb3dc -> 
  custom:scripting/monoscript/fileName/AdaptiveTransparency.cs: 101c45f7bb024cc56f4426e2a0a62d0f -> 
  custom:scripting/monoscript/fileName/ProfilerUtility.cs: 8fd6baaa4a8812aeb14b0e3a857e7749 -> 
  custom:scripting/monoscript/fileName/ClusterInfo.cs: 3ea6b052a690a346ccea6ba5711ec6da -> 
  custom:scripting/monoscript/fileName/AndroidLogcatManager.cs: 7d4535f16b64fb7fe8f2ef42fe786fe5 -> 
  custom:scripting/monoscript/fileName/AndroidLogcatInternalLog.cs: b8cdf7bcecf8b820e1d422fc82bba241 -> 
  custom:scripting/monoscript/fileName/AdaptivePerformancePackageInitialization.cs: eb60094d4168727d51b5ad64f934effb -> 
  custom:scripting/monoscript/fileName/SimulatorProviderSettings.cs: 50fd0f46d158c4bf3e73bb0fb276aa7d -> 
  custom:scripting/monoscript/fileName/AndroidLogcatInputs.cs: 5a808ac8ecb3f535fd580f7629cfe853 -> 
  custom:scripting/monoscript/fileName/AndroidLogcatConnectToDeviceTask.cs: 638f284c771507871ab93d76e09b4a42 -> 
  custom:scripting/monoscript/fileName/iOSNotificationCategory.cs: 12729533c6539cbf1e3386d555c9890e -> 
  custom:framework-win-MediaFoundation: 216162199b28c13a410421893ffa2e32 -> 
  custom:scripting/monoscript/fileName/AndroidLogcatDispatcher.cs: beae000db8002b4c9843a72f1b230077 -> 
  custom:scripting/monoscript/fileName/AndroidLogcatSettings.cs: cb8687d84dc7b88fa5776756f56dc883 -> 
  custom:scripting/monoscript/fileName/AdaptivePerformanceEventHooks.cs: eb0863d50308d5ecbbdb8fd4db067702 -> 
  custom:scripting/monoscript/fileName/AdaptiveShadowmapResolution.cs: b8bf648d78d2100b583584788c62b506 -> 
  custom:scripting/monoscript/fileName/IAdaptivePerformance.cs: 592abebb381c23cb1825771e41be316b -> 
  custom:scripting/monoscript/fileName/AndroidLogcat.cs: 205526712178aefb12d837d60441451a -> 
  custom:scripting/monoscript/fileName/AdaptiverPerformanceLog.cs: 25f4b63f26c9cb50ec100e9406a7fa53 -> 
  custom:scripting/monoscript/fileName/AdaptivePerformanceIndexer.cs: 9ee9780b0a9a9c54102984e50c1de333 -> 
  custom:scripting/monoscript/fileName/iOSNotificationTriggers.cs: a168379682615a7a32694886ad3d1a5a -> 
  custom:scripting/monoscript/fileName/AndroidLogcatMessageProvider.cs: eb7bb399efd1fff1eb6f711561b5ce67 -> 
  custom:scripting/monoscript/fileName/AdaptiveShadowQuality.cs: a9ecebdd72039dab428c58919ca0c9ea -> 
  custom:scripting/monoscript/fileName/AdaptiveShadowDistance.cs: 0e469edb6ab0c74b06a72ae4424df42d -> 
  custom:scripting/monoscript/fileName/FPSUnit.cs: 22e770cfd34271d89468f0cdb4f9264b -> 
  custom:scripting/monoscript/fileName/iOSNotificationsWrapper.cs: f2487c6357040e30357c5dfaf5fe9525 -> 
  custom:scripting/monoscript/fileName/AndroidLogcatCaptureVideo.cs: c23788ed448acababfbb2285cc592e1a -> 
  custom:scripting/monoscript/fileName/AdaptivePerformanceSupportedBuildTargetAttribute.cs: b55ce1ac25e5b5f0cf6d47ccd6996652 -> 
  custom:scripting/monoscript/fileName/AdaptiveShadowCascade.cs: e721f49f2e73789f28415411cd6a73c8 -> 
  custom:scripting/monoscript/fileName/AndroidNotificationChannel.cs: 237b9b2f526c7917e30ad7c9f9e6b5ad -> 
  custom:scripting/monoscript/fileName/AndroidTools.cs: 214b4cb092ffede0be163f7cfe8361ac -> 
  custom:scripting/monoscript/fileName/AndroidLogcatContextMenu.cs: 0cdf409b5aa8d4c25876d72b5c6a3b60 -> 
  custom:scripting/monoscript/fileName/AdaptivePerformanceLoaderOrderUI.cs: 34ead2fac85a7687e9b2b4e7c479eda7 -> 
  custom:scripting/monoscript/fileName/GpuTime.cs: 408c5168fe38d6572480f188856d150f -> 
  custom:scripting/monoscript/fileName/TypeLoaderExtensions.cs: 30b00f6fd9acb9931abb13cef51abbae -> 
  custom:CustomObjectIndexerAttribute: 9a22284fe3817be447336de3de66b15e -> 
  custom:scripting/monoscript/fileName/AdaptivePerformanceGeneralSettingsPerBuildTarget.cs: 3753b07006e7580366a60035a64414d9 -> 
  custom:scripting/monoscript/fileName/AdaptivePerformanceGeneralSettings.cs: a1ed3ae1cb8da01d5316326e7ceeafe2 -> 
  custom:scripting/monoscript/fileName/NotificationSettings.cs: e5864cbc801cf27f3a966885d80a57d4 -> 
  custom:scripting/monoscript/fileName/NotificationSettingsCollection.cs: 70aa45cf98aaa84cb1342e4f2167138d -> 
  custom:scripting/monoscript/fileName/AndroidLogcatReordableListWithReset.cs: b2ed22ba09750f598db10987b420086e -> 
  custom:scripting/precompiled-assembly-types:Unity.Notifications.Android: 9aa408928bc811d12c1ca9fe1a212ccd -> 
  custom:scripting/monoscript/fileName/AdaptivePerformanceBuildProcessorHelper.cs: 2e1b1a28a3a4d013ffe5d37ba564cfab -> 
  custom:scripting/monoscript/fileName/AndroidLogcatCaptureScreenshot.cs: 3ae68faf67d6f507a08fc742d6728501 -> 
  custom:scripting/monoscript/fileName/NotificationScheduling.cs: 29381bd27c90209c1678c831424f0e37 -> 
  custom:container-demuxer-webm: 4f35f7cbe854078d1ac9338744f61a02 -> 
  custom:scripting/monoscript/fileName/AdaptivePhysics.cs: b6d94f8b5a7e785e5b36f4c9c4b45abf -> 
  custom:scripting/precompiled-assembly-types:Unity.Notifications: eac0c949191e263cc5d2f894eceea8cd -> 
  custom:scripting/monoscript/fileName/NotificationCenter.cs: f7440282b00ebc54d5a0ea47069fc1b3 -> 
  custom:scripting/monoscript/fileName/AndroidLogcatColumnData.cs: 63fdeefc8412eb62a759e3e450e3cb07 -> 
  custom:scripting/monoscript/fileName/OnPerformanceLevelsUnit.cs: 734ab774cfa8bdd770aa1ad4b4acea51 -> 
  custom:scripting/precompiled-assembly-types:Unity.Mobile.AndroidLogcat.Editor: e363b23e44158a2c2051df9988aad394 -> 
  custom:scripting/monoscript/fileName/AndroidLogcatFastListView.cs: 874c9f3e72a54fdb066dc3538d34f127 -> 
  custom:scripting/monoscript/fileName/AndroidLogcatMemoryViewer.cs: d1b48d05cc68b5cabad5b8760e23fc2d -> 
  custom:scripting/monoscript/fileName/AdaptivePerformanceUIExtension.cs: bf27f9c2759a33eeac333926103f3b93 -> 
  custom:scripting/monoscript/fileName/iOSNotificationCenter.cs: 028e9cb29191499c7e43fc2c55dfec16 -> 
  custom:scripting/monoscript/fileName/AndroidNotificationCallback.cs: 70427cff2e482b53a910a50baf9dc745 -> 
  custom:scripting/monoscript/fileName/CpuTime.cs: adb828938d2352b1f8f58c79f7cce5fa -> 
  custom:scripting/monoscript/fileName/AndroidLogcatSessionSettings.cs: 646507e30c255f1bc5a1945e35e5bc1c -> 
  custom:scripting/monoscript/fileName/AdaptivePerformanceSettingsManager.cs: 303baca7b4d0e33e2861ec4e66796379 -> 
  custom:scripting/monoscript/fileName/NotificationStyles.cs: 02c219d19d148031ee555e1aa49e5b63 -> 
  custom:scripting/monoscript/fileName/SimulatorProviderConstants.cs: 63196f4a76fb8885675854009c698aa1 -> 
  custom:scripting/monoscript/fileName/AndroidLogcatTagInformation.cs: a627b0c35fc6403a9b031d191707e16b -> 
  custom:scripting/monoscript/fileName/EnterNamePopup.cs: da7760c1c128bb94a9676f14076ea6d5 -> 
  custom:scripting/precompiled-assembly-types:Unity.AdaptivePerformance.UI.Editor: 908f964c6ecafb877548f68a9449d641 -> 
  custom:scripting/precompiled-assembly-types:Unity.AdaptivePerformance.Profiler.Editor: d175211299ac13ceae18940d7c139f1b -> 
  custom:scripting/monoscript/fileName/AndroidLogcatMessagesViews.cs: 849ed7f5b11c9db237ef61b01c5a5104 -> 
  custom:scripting/monoscript/fileName/EditorWorkQueue.cs: 669716655f8b46b426a27eb7c604a17a -> 
  custom:container-muxer-webm: aa71ff27fc2769a1b78a27578f13a17b -> 
  custom:scripting/monoscript/fileName/AutoPerformanceLevelController.cs: db38478e42c3c516a42d537cacb52a98 -> 
  custom:scripting/monoscript/fileName/AdaptiveFramerate.cs: 1cceb99366a0e9d205eaa5b4dd9b2134 -> 
  custom:scripting/monoscript/fileName/Notification.cs: 477bf6a78f40cecc5835ac93389f5bb2 -> 
  custom:video-decoder-webm-vp8: 9c59270c3fd7afecdb556c50c9e8de78 -> 
  custom:scripting/monoscript/fileName/AdaptiveSorting.cs: 512e1b7598086c090b2ecf38d8f0c4c0 -> 
  custom:scripting/monoscript/fileName/AndroidLogcatProcessInformation.cs: b5f6f66fc271774e95892a96719b60e7 -> 
  custom:scripting/monoscript/fileName/FrameTimingUnit.cs: d09ad89f9844aeadfaf68b73b37be5d1 -> 
  custom:scripting/monoscript/fileName/ProfilerMarker3Params.cs: 0cdf409b5aa8d4c25876d72b5c6a3b60 -> 
  custom:scripting/monoscript/fileName/AdaptivePerformanceGeneralBuildProcessor.cs: 55096fe0e1c54ec36986062f3aa7a66f -> 
  custom:scripting/monoscript/fileName/ProfilerCounterValue.cs: 90647cc400823b41df847a6cbfc29026 -> 
  custom:SearchIndexIgnoredProperties: e643bd26f0fe6173181afceb89e7c659 -> 
  custom:scripting/monoscript/fileName/ProfilerCounter.cs: 90647cc400823b41df847a6cbfc29026 -> 
  custom:scripting/monoscript/fileName/AuthorizationRequest.cs: 209fc7fd1b6fbb5dbae4037273d7d153 -> 
  custom:scripting/monoscript/fileName/SubsystemRegistration.cs: 5e5797a36e40e2f1efc630a0fb8c6cf0 -> 
  custom:AudioImporter_EditorPlatform: d09bf68614088b80899f8185d706f6e7 -> 
  custom:scripting/monoscript/fileName/ProfilerMarkerExtensions.cs: e9eec9a5472d64e0b6699387d0bf6ebd -> 
  custom:scripting/monoscript/fileName/AdaptiveViewDistance.cs: 6c0015e9d427cf3004d3259807419688 -> 
  custom:scripting/monoscript/fileName/AndroidMemoryStatistics.cs: c8dd6364e4cc927fb91711356726b32b -> 
  custom:scripting/monoscript/fileName/AdaptivePerformanceLoaderHelper.cs: fa57e8a0aacf6756eba14595999551ab -> 
  custom:scripting/monoscript/fileName/AndroidLogcatUtilities.cs: 1500ae31fd86aca5e0f2a28b63874e7e -> 
  custom:scripting/monoscript/fileName/AndroidNotificationExtensions.cs: e9b2d257479790f67b30a0c7636b6f07 -> 
  custom:scripting/precompiled-assembly-types:Unity.AdaptivePerformance.Simulator.Editor: c8f901e57ed7420952dbeb9964b7bea8 -> 
  custom:scripting/monoscript/fileName/AdaptivePerformanceManagerSettings.cs: 0a3d542b329c158a69b5de36364d00a2 -> 
  custom:scripting/monoscript/fileName/AndroidLogcatRuntime.cs: c23ad602947592af8383d00a30ba13c2 -> 
  custom:scripting/monoscript/fileName/AdaptivePerformanceDetailsViewController.cs: b61c78895eb679caa4bb47a966bb5aef -> 
  custom:scripting/monoscript/fileName/GetBoostUnit.cs: 50bdb9e86fe58514ab4fd42288577925 -> 
  custom:scripting/monoscript/fileName/IDevelopmentSettings.cs: 2d8fe703b616f9efca324b5f5d0693d4 -> 
  custom:scripting/monoscript/fileName/RunningAverage.cs: 73c6f2d5c68af1b5c3d611550831b24a -> 
  custom:scripting/monoscript/fileName/DrawableResourceData.cs: bf4668a20ae16feaa70ecc91b838c7df -> 
  custom:scripting/monoscript/fileName/AndroidLogcatExtraWindow.cs: d269ad1a2018b11553732e9b38bef9d4 -> 
  custom:scripting/monoscript/fileName/TemperatureTrend.cs: 53ab772a6edbd764646698358643fc6a -> 
  custom:scripting/monoscript/fileName/AdaptiveDecals.cs: f0bedcaa337b2fb4d2cd753fe8b8a7c3 -> 
  custom:scripting/monoscript/fileName/ProfilerMarker2Params.cs: 0cdf409b5aa8d4c25876d72b5c6a3b60 -> 
  custom:scripting/monoscript/fileName/iOSNotificationAttachment.cs: 86f84ab698ade2cb335de71cca3e11ec -> 
  custom:scripting/monoscript/fileName/AdaptiveMSAA.cs: 76ef3a5109c797e5b4123cf0916ee941 -> 
  custom:scripting/monoscript/fileName/AndroidLogcatSymbolList.cs: 97f0a553cf445667718f6c906fcaa6e7 -> 
  custom:scripting/monoscript/fileName/AdaptivePerformanceProfilerModule.cs: 495fc0ebd3fe0c60ec5bbc678c07d4fd -> 
  custom:scripting/monoscript/fileName/IPerformanceStatus.cs: 8049ea67cb6e6367c9a9f680d775ec81 -> 
  custom:scripting/monoscript/fileName/AdaptivePerformancePackageMetadata.cs: 6e05472e3aa9b850c8ea0609207dafac -> 
  custom:scripting/monoscript/fileName/SimulatorProviderLoader.cs: dc1e444c6d55b3262a0d030c61434b46 -> 
  custom:scripting/monoscript/fileName/IDevicePerformanceControl.cs: 1fc0e6664d44619270043683a6bf4ee8 -> 
  custom:scripting/monoscript/fileName/AndroidLogcatScreenCaptureWindow.cs: 1d01a673efb48aff75b82bdba75c4246 -> 
  custom:scripting/monoscript/fileName/NotificationSetting.cs: e581f5e18ce5d0869fde69cc62394892 -> 
  custom:scripting/monoscript/fileName/AdaptiveLayerCulling.cs: 923bdfa942436eee828e303c46d5c94e -> 
  custom:scripting/monoscript/fileName/AdaptivePerformanceConstants.cs: d16f7aecee713227bd2d755390b90894 -> 
  custom:scripting/precompiled-assembly-types:Unity.Subsystem.Registration: d277a39dc91ba107b2f9f0e00249ae0e -> 
  custom:scripting/monoscript/fileName/AndroidLogcatFilterOptions.cs: 846e2d532fdf85532ac76dbbe21d0159 -> 
  custom:scripting/monoscript/fileName/AndroidLogcatUserSettings.cs: 347054011bf0efc1d94a401c3d75fc79 -> 
  custom:scripting/monoscript/fileName/NotificationSettingsProvider.cs: 3207ce1d6d068cf9203c9d95cdd7c17f -> 
  custom:scripting/monoscript/fileName/AndroidLogcatDevice.cs: 639f84b5b6912bbf895cacbef81b7b3f -> 
  custom:scripting/monoscript/fileName/BuildHelpers.cs: 66f11d48a2b9256936f98d607c04d91b -> 
  custom:scripting/monoscript/fileName/AdaptivePerformanceRenderSettings.cs: bff70e7133f1024d7c0d83fe00ad5463 -> 
  custom:scripting/monoscript/fileName/AdaptivePerformanceBottleneckDetection.cs: bb154de462b8cf6d56edde132643136f -> 
  custom:scripting/monoscript/fileName/AndroidLogcatStacktraceWindow.cs: e8f4429bfa09e08561dbd128c57f41fd -> 
  custom:scripting/monoscript/fileName/iOSNotification.cs: ab01f08ee9a02bb8118b0e806f9033ca -> 
  custom:video-encoder-webm-vp8: eb34c28f22e8b96e1ab97ce403110664 -> 
  custom:scripting/monoscript/fileName/AndroidBridge.cs: 6a91051db088a471ed986454436f2041 -> 
  custom:scripting/precompiled-assembly-types:Unity.AdaptivePerformance.Simulator.Extension: 7cb4e94d652a85a2c350f7d0e4d6f3d0 -> 
  custom:scripting/monoscript/fileName/AndroidLogcatReordableList.cs: eb634ff4e1fba63b75a082b41c1cd75f -> 
  custom:scripting/precompiled-assembly-types:Unity.AdaptivePerformance: 196a4053981ad1333fe8cbdfe1c3440f -> 
  custom:scripting/monoscript/fileName/SimulatorAdaptivePerformanceSubsystem.cs: 4e2a0051a2c9df308ea15ee95bbed957 -> 
  custom:audio-decoder-ogg-vorbis: bf7c407c2cedff20999df2af8eb42d56 -> 
  custom:scripting/monoscript/fileName/NotificationsPermissionRequest.cs: bd46543c0caf5c091d2bc9d90200647a -> 
  custom:scripting/monoscript/fileName/iOSNotificationAction.cs: a2a24a011da6b4237da6bcecc53906ec -> 
  custom:scripting/monoscript/fileName/SetPerformanceLevelsUnit.cs: 58401cdfa1bce795e546f759c8906927 -> 
  custom:scripting/monoscript/fileName/GetIndexerUnit.cs: 281524d97345598bac46fa6afde08878 -> 
  custom:scripting/monoscript/fileName/AdaptivePerformancePackage.cs: a2318c73fa2835eae77d73ec0efcb17b -> 
  custom:scripting/monoscript/fileName/AdaptivePerformanceLoaderInfoManager.cs: 90396bfdbde11e24b78d89546aa009e4 -> 
  custom:scripting/monoscript/fileName/EditorUtilities.cs: 08201bff8bb60a3bed7d14c5b015fd57 -> 6ffee066fd3126167714c5bf5642d56a
  custom:scripting/monoscript/fileName/AndroidLogcatIPWindow.cs: a02671136fc3a3988fa841ab10e8dfc6 -> 
  custom:scripting/monoscript/fileName/AdaptivePerformanceScaler.cs: 95a323f07da62ef59bc81dad0f0e4bc2 -> 
  custom:scripting/monoscript/fileName/AndroidLogcatCallbacks.cs: f595ad8ec0517767a0e2865f51462d67 -> 
  custom:scripting/monoscript/fileName/ProfilerMarker1Param.cs: 0cdf409b5aa8d4c25876d72b5c6a3b60 -> 
  custom:scripting/monoscript/fileName/NotificationPermission.cs: e67582c1254f1ac7ef2054ad9097e22b -> 
  custom:scripting/monoscript/fileName/AdaptiveResolution.cs: 224690b5dece539896740a0a0a3e56a8 -> 
  custom:scripting/monoscript/fileName/AdaptivePerformanceLoaderInfo.cs: 02442e2d355507e81c87cf7e3f19bf35 -> 
  custom:scripting/monoscript/fileName/AdaptivePerformanceConfigurationProvider.cs: 9b55fa20133fbff5129037066bc3fb16 -> 
  custom:scripting/monoscript/fileName/GetPerformanceLevelsUnit.cs: 0056cefbfd4d7555e0a992a4901b0669 -> 
  custom:scripting/monoscript/fileName/AdaptiveLut.cs: 2da68acd34b47d72ca32efa07a0d3c7f -> 
  custom:scripting/monoscript/fileName/TextureAssetUtils.cs: 662ce23259e02c9525ae2705b2697116 -> 
  custom:scripting/monoscript/fileName/DevicePerformanceControl.cs: 492efb7d23549bc1cf98a01073a37eee -> 
  custom:scripting/monoscript/fileName/AndroidLogcatSettingsProvider.cs: d003d16e9b268af6fb231c20780fd686 -> 
  custom:audio-encoder-webm-vorbis: bf7c407c2cedff20999df2af8eb42d56 -> 
  custom:scripting/monoscript/fileName/Paths.cs: b554297642474d104a66fa7db8bffcd4 -> 9aa7137ecd81044fb2d16e5bb97b34f4
  custom:scripting/precompiled-assembly-types:Unity.AdaptivePerformance.Editor: 10b958660da57978956ec7799e5ada73 -> 
  custom:scripting/monoscript/fileName/AndroidLogcatTaskInput.cs: 991a74fe3e79b5af5cabd7b947bba382 -> 
  custom:scripting/monoscript/fileName/AndroidNotificationIntentData.cs: 0251872d5129aef0c78d3ec18b7fbcf9 -> 
  custom:scripting/monoscript/fileName/AndroidLogcatStatusBar.cs: 7fbbcdd95b9ebefd0680bbce3a787931 -> 
  custom:scripting/monoscript/fileName/UsageDial.cs: 0600240de106b1ae286f73dcd509b819 -> 
  custom:scripting/monoscript/fileName/AdaptivePerformanceConfigurationData.cs: 54d5546f17681ea22d5ca758b2212dee -> 
  custom:scripting/monoscript/fileName/IAdaptivePerformanceSettings.cs: 99d9ff614bcb5ba41c8ce2c5ccf0b4d8 -> 
  custom:scripting/monoscript/fileName/SetBoostUnit.cs: c14e3f94f958974f3a18a3621f45e205 -> 
  custom:scripting/monoscript/fileName/AdaptivePerformanceAnalytics.cs: 571c5d1630717e47c16d422bd3ee23cf -> 
  custom:scripting/monoscript/fileName/NotificationSettingsManager.cs: 0949d4dd89e4319d984c63f0dbd03700 -> 
  custom:scripting/monoscript/fileName/AndroidLogcatTags.cs: 3c14027d9d0ad38a2b377872551d9b6d -> 
  custom:scripting/monoscript/fileName/AdaptivePerformanceSubsystemDescriptor.cs: 7f97c5ae33eecb599b040e357d157fbe -> 
  custom:scripting/monoscript/fileName/AndroidLogcatActivityManager.cs: dffa3c9afcb20f5aa140cf4969503772 -> 
  custom:scripting/monoscript/fileName/AdaptivePerformanceInit.cs: f39513fbfcd176ae0aae0bac66771f72 -> 
  custom:scripting/monoscript/fileName/AdaptivePerformanceProfilerStats.cs: 266eeb23e39c89761110b73324af6e62 -> 
  custom:scripting/monoscript/fileName/OnThermalMetricUnit.cs: 081b6445024203ac9cac053152708458 -> 
  custom:scripting/monoscript/fileName/IThermalStatus.cs: 192007087d4968ae687c5e371b74a175 -> 
  custom:scripting/monoscript/fileName/Shell.cs: d6673e1ce2be2c2665d6f69fcf67ab6f -> 
  custom:scripting/monoscript/fileName/ProviderSettingsEditor.cs: d9c7a4e898c60b7ca344cda42eeee3ce -> 
========================================================================
Received Import Request.
  Time since last request: 358.474781 seconds.
  path: Assets/Material/Gridbox Prototype Materials/Demo/Prototype Materials Demo/GI Blocker.mat
  artifactKey: Guid(f9a5ce4748e5abd4288cab387226ef27) Importer(815301076,1909f56bfc062723c751e8b465ee728b)
Start importing Assets/Material/Gridbox Prototype Materials/Demo/Prototype Materials Demo/GI Blocker.mat using Guid(f9a5ce4748e5abd4288cab387226ef27) Importer(815301076,1909f56bfc062723c751e8b465ee728b) [PhysX] Initialized MultithreadedTaskDispatcher with 12 workers.
[PhysX] Initialized MultithreadedTaskDispatcher with 12 workers.
 -> (artifact id: '3e89b742332d12abf579c09ef8927c41') in 0.558397 seconds
Number of updated asset objects reloaded before import = 0
Number of asset objects unloaded after import = 1
========================================================================
Received Import Request.
  Time since last request: 136.992202 seconds.
  path: Assets/Material/Gridbox Prototype Materials/Textures/prototype_512x512_blue2.png
  artifactKey: Guid(17198718c5735204999fb13dc36e290f) Importer(815301076,1909f56bfc062723c751e8b465ee728b)
Start importing Assets/Material/Gridbox Prototype Materials/Textures/prototype_512x512_blue2.png using Guid(17198718c5735204999fb13dc36e290f) Importer(815301076,1909f56bfc062723c751e8b465ee728b) [PhysX] Initialized MultithreadedTaskDispatcher with 12 workers.
[PhysX] Initialized MultithreadedTaskDispatcher with 12 workers.
 -> (artifact id: 'd8e373c4f71edb6b48ef01ee964f3cf3') in 0.176690 seconds
Number of updated asset objects reloaded before import = 0
Number of asset objects unloaded after import = 2
========================================================================
Received Import Request.
  Time since last request: 0.000043 seconds.
  path: Assets/Material/Gridbox Prototype Materials/Textures/prototype_512x512_olive.png
  artifactKey: Guid(9895b9b639c999f488492b5182e2242c) Importer(815301076,1909f56bfc062723c751e8b465ee728b)
Start importing Assets/Material/Gridbox Prototype Materials/Textures/prototype_512x512_olive.png using Guid(9895b9b639c999f488492b5182e2242c) Importer(815301076,1909f56bfc062723c751e8b465ee728b) [PhysX] Initialized MultithreadedTaskDispatcher with 12 workers.
[PhysX] Initialized MultithreadedTaskDispatcher with 12 workers.
 -> (artifact id: '80d2a182f476dc7fc1ac52398d065fd6') in 0.019303 seconds
Number of updated asset objects reloaded before import = 0
Number of asset objects unloaded after import = 2
========================================================================
Received Import Request.
  Time since last request: 0.000058 seconds.
  path: Assets/Material/Gridbox Prototype Materials/Textures/prototype_512x512_normal.png
  artifactKey: Guid(44ae09ed76086b14e82d37feb30c7650) Importer(815301076,1909f56bfc062723c751e8b465ee728b)
Start importing Assets/Material/Gridbox Prototype Materials/Textures/prototype_512x512_normal.png using Guid(44ae09ed76086b14e82d37feb30c7650) Importer(815301076,1909f56bfc062723c751e8b465ee728b) [PhysX] Initialized MultithreadedTaskDispatcher with 12 workers.
[PhysX] Initialized MultithreadedTaskDispatcher with 12 workers.
 -> (artifact id: '34e2a42875190cad36977d3b6984b6b4') in 0.030639 seconds
Number of updated asset objects reloaded before import = 0
Number of asset objects unloaded after import = 2
========================================================================
Received Import Request.
  Time since last request: 0.000051 seconds.
  path: Assets/Material/Gridbox Prototype Materials/Textures/prototype_512x512_grey4.png
  artifactKey: Guid(ed0c2c8a99e92e14ba740ac8aa428288) Importer(815301076,1909f56bfc062723c751e8b465ee728b)
Start importing Assets/Material/Gridbox Prototype Materials/Textures/prototype_512x512_grey4.png using Guid(ed0c2c8a99e92e14ba740ac8aa428288) Importer(815301076,1909f56bfc062723c751e8b465ee728b) [PhysX] Initialized MultithreadedTaskDispatcher with 12 workers.
[PhysX] Initialized MultithreadedTaskDispatcher with 12 workers.
 -> (artifact id: '3a59885ebe8e49db33fe7c4a4697aa51') in 0.015899 seconds
Number of updated asset objects reloaded before import = 0
Number of asset objects unloaded after import = 2
========================================================================
Received Import Request.
  Time since last request: 34.033944 seconds.
  path: Assets/Material/Gridbox Prototype Materials/Materials/Standard/Prototype_512x512_Blue3.mat
  artifactKey: Guid(b0b4de3bd6e976e4f8b3adc6e72377ed) Importer(815301076,1909f56bfc062723c751e8b465ee728b)
Start importing Assets/Material/Gridbox Prototype Materials/Materials/Standard/Prototype_512x512_Blue3.mat using Guid(b0b4de3bd6e976e4f8b3adc6e72377ed) Importer(815301076,1909f56bfc062723c751e8b465ee728b) [PhysX] Initialized MultithreadedTaskDispatcher with 12 workers.
[PhysX] Initialized MultithreadedTaskDispatcher with 12 workers.
 -> (artifact id: '9d6c25bd35af24a71ca3e8aba6dabca5') in 0.194427 seconds
Number of updated asset objects reloaded before import = 0
Number of asset objects unloaded after import = 3
========================================================================
Received Import Request.
  Time since last request: 0.000029 seconds.
  path: Assets/Material/Gridbox Prototype Materials/Materials/Standard/Prototype_512x512_Olive.mat
  artifactKey: Guid(f794c8451763f354c84ed1f9b0ea15a5) Importer(815301076,1909f56bfc062723c751e8b465ee728b)
Start importing Assets/Material/Gridbox Prototype Materials/Materials/Standard/Prototype_512x512_Olive.mat using Guid(f794c8451763f354c84ed1f9b0ea15a5) Importer(815301076,1909f56bfc062723c751e8b465ee728b) [PhysX] Initialized MultithreadedTaskDispatcher with 12 workers.
[PhysX] Initialized MultithreadedTaskDispatcher with 12 workers.
 -> (artifact id: '0a1433b6a2008ae32f5bdcfd4329ae01') in 0.028235 seconds
Number of updated asset objects reloaded before import = 0
Number of asset objects unloaded after import = 4
========================================================================
Received Import Request.
  Time since last request: 0.000047 seconds.
  path: Assets/Material/Gridbox Prototype Materials/Materials/Standard/Prototype_512x512_Grey3.mat
  artifactKey: Guid(17c44fb3e5be9644586a0728a5f5a386) Importer(815301076,1909f56bfc062723c751e8b465ee728b)
Start importing Assets/Material/Gridbox Prototype Materials/Materials/Standard/Prototype_512x512_Grey3.mat using Guid(17c44fb3e5be9644586a0728a5f5a386) Importer(815301076,1909f56bfc062723c751e8b465ee728b) [PhysX] Initialized MultithreadedTaskDispatcher with 12 workers.
[PhysX] Initialized MultithreadedTaskDispatcher with 12 workers.
 -> (artifact id: '0d5069ad82d060a43c04fb90eed70388') in 0.029117 seconds
Number of updated asset objects reloaded before import = 0
Number of asset objects unloaded after import = 3
========================================================================
Received Import Request.
  Time since last request: 0.000045 seconds.
  path: Assets/Material/Gridbox Prototype Materials/Materials/Standard/Prototype_512x512_Magenta.mat
  artifactKey: Guid(4b905f60df09c8245b6e0d5af2e04c7f) Importer(815301076,1909f56bfc062723c751e8b465ee728b)
Start importing Assets/Material/Gridbox Prototype Materials/Materials/Standard/Prototype_512x512_Magenta.mat using Guid(4b905f60df09c8245b6e0d5af2e04c7f) Importer(815301076,1909f56bfc062723c751e8b465ee728b) [PhysX] Initialized MultithreadedTaskDispatcher with 12 workers.
[PhysX] Initialized MultithreadedTaskDispatcher with 12 workers.
 -> (artifact id: 'e1fad444b01b64c256fd61bf59480a6f') in 0.022989 seconds
Number of updated asset objects reloaded before import = 0
Number of asset objects unloaded after import = 4
========================================================================
Received Import Request.
  Time since last request: 0.000050 seconds.
  path: Assets/Material/Gridbox Prototype Materials/Materials/Standard/Prototype_512x512_Cyan.mat
  artifactKey: Guid(cba66c276aed0874091de1c33eb3950d) Importer(815301076,1909f56bfc062723c751e8b465ee728b)
Start importing Assets/Material/Gridbox Prototype Materials/Materials/Standard/Prototype_512x512_Cyan.mat using Guid(cba66c276aed0874091de1c33eb3950d) Importer(815301076,1909f56bfc062723c751e8b465ee728b) [PhysX] Initialized MultithreadedTaskDispatcher with 12 workers.
[PhysX] Initialized MultithreadedTaskDispatcher with 12 workers.
 -> (artifact id: 'd0ca0efff7c28293be4cb342b760b8d8') in 0.023796 seconds
Number of updated asset objects reloaded before import = 0
Number of asset objects unloaded after import = 3
========================================================================
Received Import Request.
  Time since last request: 0.000038 seconds.
  path: Assets/Material/Gridbox Prototype Materials/Materials/Standard/Prototype_512x512_Grey2.mat
  artifactKey: Guid(07dc66ae04b7f6a43b9674bf0fefb33a) Importer(815301076,1909f56bfc062723c751e8b465ee728b)
Start importing Assets/Material/Gridbox Prototype Materials/Materials/Standard/Prototype_512x512_Grey2.mat using Guid(07dc66ae04b7f6a43b9674bf0fefb33a) Importer(815301076,1909f56bfc062723c751e8b465ee728b) [PhysX] Initialized MultithreadedTaskDispatcher with 12 workers.
[PhysX] Initialized MultithreadedTaskDispatcher with 12 workers.
 -> (artifact id: '75bdc821bf9d75a180a59d9afc2014ce') in 0.019512 seconds
Number of updated asset objects reloaded before import = 0
Number of asset objects unloaded after import = 3
========================================================================
Received Import Request.
  Time since last request: 10.582807 seconds.
  path: Assets/Material/Gridbox Prototype Materials/Materials/Standard/Prototype_512x512_White.mat
  artifactKey: Guid(aeee7071bea0a4c478b4fea5933c5f79) Importer(815301076,1909f56bfc062723c751e8b465ee728b)
Start importing Assets/Material/Gridbox Prototype Materials/Materials/Standard/Prototype_512x512_White.mat using Guid(aeee7071bea0a4c478b4fea5933c5f79) Importer(815301076,1909f56bfc062723c751e8b465ee728b) [PhysX] Initialized MultithreadedTaskDispatcher with 12 workers.
[PhysX] Initialized MultithreadedTaskDispatcher with 12 workers.
 -> (artifact id: '9df99c2c9801657355f3df0c277fb72b') in 0.028619 seconds
Number of updated asset objects reloaded before import = 0
Number of asset objects unloaded after import = 3
Editor requested this worker to shutdown with reason: Scaling down because of idle timeout
TcpMessagingSession - receive error: operation aborted. errorcode: 995, details: La operación de E/S se anuló por una salida de subproceso o por una solicitud de aplicación.
AssetImportWorker is now disconnected from the server
Process exiting
Exiting without the bug reporter. Application will terminate with return code 0